Virtuoso Framework License (111) was checked out successfully. Total checkout time was 0.01s.
*WARNING* (icLic-3) Could not get license Virtuoso_Layout_Suite_L
*INFO* (icLic-25) License Virtuoso_Layout_Suite_GXL ("Layout GXL") was used to run Layout L.

Running simulation in directory: "/filespace/people/a/asplund/ECE555/cadence/Project/LVS".

*WARNING* (loadContext): could not restore method, undefined generic _parModeOnPreSimOp _mspsModeExt

*WARNING* (loadContext): could not restore method, undefined generic _parModeOnExit _mspsModeExt

*WARNING* (loadContext): could not restore method, undefined generic _parModeOnEntry _mspsModeExt

*WARNING* (loadContext): could not restore method, undefined generic _parModeAllowSwitch _mspsModeExt

*WARNING* (loadContext): could not restore method, undefined generic _parModeSetup _mspsModeExt

*WARNING* (loadContext): could not restore method, undefined generic _parModeSetParView _mspsModeExt

*WARNING* (loadContext): could not restore method, undefined generic _parModeSetSchView _mspsModeExt

*WARNING* (loadContext): could not restore method, undefined generic _parModeGetParView _mspsModeExt

*WARNING* (loadContext): could not restore method, undefined generic _parModeGetSchView _mspsModeExt

*WARNING* (loadContext): could not restore method, undefined generic _parModeBuildParViewHelp _mspsModeExt

*WARNING* (loadContext): could not restore method, undefined generic _parModeBuildParView _mspsModeExt

*WARNING* (loadContext): could not restore method, undefined generic _parModeUpdateParView _mspsModeSchEst

*WARNING* (loadContext): could not restore method, undefined generic _parModeBuildEst _mspsModeSchEst

*WARNING* (loadContext): could not restore method, undefined generic _parModeAllowSwitch _mspsModeSchEst

*WARNING* (loadContext): could not restore method, undefined generic _parModeSetup _mspsModeSchEst

*WARNING* (loadContext): could not restore method, undefined generic _parModeSetParView _mspsModeSchEst

*WARNING* (loadContext): could not restore method, undefined generic _parModeSetSchView _mspsModeSchEst

*WARNING* (loadContext): could not restore method, undefined generic _parModeGetParView _mspsModeSchEst

*WARNING* (loadContext): could not restore method, undefined generic _parModeGetSchView _mspsModeSchEst

*WARNING* (loadContext): could not restore method, undefined generic _parEstBuildViewName _mspsEstBuild

*WARNING* (loadContext): could not restore method, undefined generic _parEstBuildCellName _mspsEstBuild

*WARNING* (loadContext): could not restore method, undefined generic _parEstBuildLibName _mspsEstBuild

*WARNING* (loadContext): could not restore method, undefined generic _parMsgReport _mspsMsgReporter



Begin netlist:    Dec 11 14:16:51 2011
	view name list	= ("auLvs" "extracted" "schematic")
	stop name list	= ("auLvs")
	library name	= "ECE555"
	cell name	= "Adder_32bit_nlogic"
	view name	= "extracted"
	globals lib	= "basic"
Running Artist Flat Netlisting ...
*WARNING* Parameter 'lxUseCell' already exists.
End netlist:    Dec 11 14:16:54 2011

Moving original netlist to extNetlist
Removing parasitic components from netlist
	presistors removed:  0
	pcapacitors removed: 5112
	pinductors removed:  0
	pdiodes removed:     0
	trans lines removed: 0
	777 nodes merged into 777 nodes


Begin netlist:    Dec 11 14:16:54 2011
	view name list	= ("auLvs" "schematic")
	stop name list	= ("auLvs")
	library name	= "ECE555"
	cell name	= "Adder_32bit_nlogic"
	view name	= "schematic"
	globals lib	= "basic"
Running Artist Flat Netlisting ...
End netlist:    Dec 11 14:16:55 2011

Moving original netlist to extNetlist
Removing parasitic components from netlist
	presistors removed:  0
	pcapacitors removed: 0
	pinductors removed:  0
	pdiodes removed:     0
	trans lines removed: 0
	2425 nodes merged into 2425 nodes

Running netlist comparison program:  LVS
Begin comparison:    Dec 11 14:16:55 2011
@(#)$CDS: LVS version 6.1.5-64b 07/19/2011 09:29 (sjfdl079) $

The net-lists match.

			     layout  schematic
				instances
	un-matched		0	0
	rewired			0	0
	size errors		0	0
	pruned			0	0
	active			1548	1548
	total			1548	1548

				  nets
	un-matched		0	0
	merged			0	0
	pruned			0	0
	active			777	777
	total			777	777

				terminals
	un-matched		0	0
	matched but
	different type		0	0
	total			100	100
End comparison:      Dec 11 14:16:56 2011


Comparison program completed successfully.
